0 info it worked if it ends with ok
1 verbose cli [
1 verbose cli   'C:\\Program Files (x86)\\nodejs\\node.exe',
1 verbose cli   'C:\\Program Files (x86)\\nodejs\\node_modules\\npm\\bin\\npm-cli.js',
1 verbose cli   'install',
1 verbose cli   'react-icons'
1 verbose cli ]
2 info using npm@6.14.6
3 info using node@v12.18.4
4 verbose npm-session c96903b8a8db9ec4
5 silly install loadCurrentTree
6 silly install readLocalPackageData
7 silly fetchPackageMetaData error for react-icons@latest request to https://registry.npmjs.org/react-icons failed, reason: getaddrinfo ENOTFOUND registry.npmjs.org
8 timing stage:rollbackFailedOptional Completed in 5ms
9 timing stage:runTopLevelLifecycles Completed in 49258ms
10 verbose type system
11 verbose stack FetchError: request to https://registry.npmjs.org/react-icons failed, reason: getaddrinfo ENOTFOUND registry.npmjs.org
11 verbose stack     at ClientRequest.<anonymous> (C:\Program Files (x86)\nodejs\node_modules\npm\node_modules\node-fetch-npm\src\index.js:68:14)
11 verbose stack     at ClientRequest.emit (events.js:315:20)
11 verbose stack     at TLSSocket.socketErrorListener (_http_client.js:426:9)
11 verbose stack     at TLSSocket.emit (events.js:315:20)
11 verbose stack     at emitErrorNT (internal/streams/destroy.js:92:8)
11 verbose stack     at emitErrorAndCloseNT (internal/streams/destroy.js:60:3)
11 verbose stack     at processTicksAndRejections (internal/process/task_queues.js:84:21)
12 verbose cwd C:\react\project\budget
13 verbose Windows_NT 6.1.7601
14 verbose argv "C:\\Program Files (x86)\\nodejs\\node.exe" "C:\\Program Files (x86)\\nodejs\\node_modules\\npm\\bin\\npm-cli.js" "install" "react-icons"
15 verbose node v12.18.4
16 verbose npm  v6.14.6
17 error code ENOTFOUND
18 error errno ENOTFOUND
19 error network request to https://registry.npmjs.org/react-icons failed, reason: getaddrinfo ENOTFOUND registry.npmjs.org
20 error network This is a problem related to network connectivity.
20 error network In most cases you are behind a proxy or have bad network settings.
20 error network
20 error network If you are behind a proxy, please make sure that the
20 error network 'proxy' config is set properly.  See: 'npm help config'
21 verbose exit [ 1, true ]
